IP Upgrade report for DE2_115
Tue Jun 27 23:28:08 2023
Quartus Prime Version 22.1std.1 Build 917 02/14/2023 SC Lite Edition


---------------------
; Table of Contents ;
---------------------
  1. Legal Notice
  2. IP Upgrade Summary
  3. Failed Upgrade IP Components
  4. IP Upgrade Messages



----------------
; Legal Notice ;
----------------
Copyright (C) 2023  Intel Corporation. All rights reserved.
Your use of Intel Corporation's design tools, logic functions 
and other software and tools, and any partner logic 
functions, and any output files from any of the foregoing 
(including device programming or simulation files), and any 
associated documentation or information are expressly subject 
to the terms and conditions of the Intel Program License 
Subscription Agreement, the Intel Quartus Prime License Agreement,
the Intel FPGA IP License Agreement, or other applicable license
agreement, including, without limitation, that your use is for
the sole purpose of programming logic devices manufactured by
Intel and sold by Intel or its authorized distributors.  Please
refer to the applicable agreement for further details, at
https://fpgasoftware.intel.com/eula.



+-------------------------------------------------------------------------------+
; IP Upgrade Summary                                                            ;
+------------------------------+------------------------------------------------+
; IP Components Upgrade Status ; Passed - Tue Jun 27 23:28:08 2023              ;
; Quartus Prime Version        ; 22.1std.1 Build 917 02/14/2023 SC Lite Edition ;
; Revision Name                ; DE2_115                                        ;
; Top-level Entity Name        ; DE2_115                                        ;
; Family                       ; Cyclone V                                      ;
+------------------------------+------------------------------------------------+


+----------------------------------------------------------------------------------------------------------------------------------------------------------------------------------------------------------------------------------------------------------------------------------------------------------------------------+
; Failed Upgrade IP Components                                                                                                                                                                                                                                                                                               ;
+-----------------+----------------+---------+--------------------------------------------------------------------------------------+--------------------------------------------------------------+-----------------+-------------------------------------------------------------------------------------------------------+
; Entity Name     ; Component Name ; Version ; Original Source File                                                                 ; Generation File Path                                         ; New Source File ; Message                                                                                               ;
+-----------------+----------------+---------+--------------------------------------------------------------------------------------+--------------------------------------------------------------+-----------------+-------------------------------------------------------------------------------------------------------+
; final_1219_qsys ; Qsys           ; 15.0    ; //wsl.localhost/Ubuntu/home/muchoa/ufam/EletronicaDigital2/final/final_1219_qsys.qip ; //wsl.localhost/Ubuntu/home/muchoa/ufam/final_1219_qsys.qsys ;                 ; Error upgrading Platform Designer file "//wsl.localhost/Ubuntu/home/muchoa/ufam/final_1219_qsys.qsys" ;
+-----------------+----------------+---------+--------------------------------------------------------------------------------------+--------------------------------------------------------------+-----------------+-------------------------------------------------------------------------------------------------------+


+---------------------+
; IP Upgrade Messages ;
+---------------------+
Info (11837): Started upgrading IP component Qsys with file "//wsl.localhost/Ubuntu/home/muchoa/ufam/final_1219_qsys.qsys"
Error: 2023.06.27.23:28:08 Error: Error opening //wsl.localhost/Ubuntu/home/muchoa/ufam
Error (14923): Error upgrading Platform Designer file "//wsl.localhost/Ubuntu/home/muchoa/ufam/final_1219_qsys.qsys"
Error (11890): Unable to automatically upgrade Platform Designer component. Please manually upgrade "//wsl.localhost/Ubuntu/home/muchoa/ufam/final_1219_qsys.qsys" in Platform Designer
Error (23031): Evaluation of Tcl script c:/intelfpga_lite/22.1std/quartus/common/tcl/internal/ip_regen/ip_regen.tcl unsuccessful
Error: Quartus Prime Shell was unsuccessful. 4 errors, 0 warnings
    Error: Peak virtual memory: 4871 megabytes
    Error: Processing ended: Tue Jun 27 23:28:08 2023
    Error: Elapsed time: 00:00:06
    Error: Total CPU time (on all processors): 00:00:03


